<?xml version="1.0" encoding="UTF-8"?>
<testng-results ignored="0" total="1" passed="1" failed="0" skipped="0">
  <reporter-output>
  </reporter-output>
  <suite started-at="2026-04-19T23:27:48 IST" name="Surefire suite" finished-at="2026-04-19T23:27:51 IST" duration-ms="2999">
    <groups>
    </groups>
    <test started-at="2026-04-19T23:27:48 IST" name="Surefire test" finished-at="2026-04-19T23:27:51 IST" duration-ms="2999">
      <class name="LoginTest">
        <test-method is-config="true" signature="setUp()[pri:0, instance:LoginTest@7ee955a8]" started-at="2026-04-19T23:27:48 IST" name="setUp" finished-at="2026-04-19T23:27:49 IST" duration-ms="1525" status="PASS">
          <reporter-output>
          </reporter-output>
        </test-method> <!-- setUp -->
        <test-method signature="studentLoginShouldOpenDashboard()[pri:0, instance:LoginTest@7ee955a8]" started-at="2026-04-19T23:27:49 IST" name="studentLoginShouldOpenDashboard" finished-at="2026-04-19T23:27:50 IST" duration-ms="1139" status="PASS">
          <reporter-output>
          </reporter-output>
        </test-method> <!-- studentLoginShouldOpenDashboard -->
        <test-method is-config="true" signature="tearDown()[pri:0, instance:LoginTest@7ee955a8]" started-at="2026-04-19T23:27:50 IST" name="tearDown" finished-at="2026-04-19T23:27:51 IST" duration-ms="307" status="PASS">
          <reporter-output>
          </reporter-output>
        </test-method> <!-- tearDown -->
      </class> <!-- LoginTest -->
    </test> <!-- Surefire test -->
  </suite> <!-- Surefire suite -->
</testng-results>
